2026-06-23 23:58:13,982 [INFO] ChEMBL total approved small molecules: 3475
2026-06-23 23:58:46,598 [INFO]   ... 498 drugs fetched (offset=500/3475)
2026-06-23 23:59:20,592 [INFO]   ... 993 drugs fetched (offset=1000/3475)
2026-06-23 23:59:55,030 [INFO]   ... 1491 drugs fetched (offset=1500/3475)
2026-06-24 00:00:28,281 [INFO]   ... 1962 drugs fetched (offset=2000/3475)
2026-06-24 00:01:36,654 [INFO]   ... 2433 drugs fetched (offset=2500/3475)
2026-06-24 00:02:31,707 [INFO]   ... 2878 drugs fetched (offset=3000/3475)
2026-06-24 00:03:26,069 [INFO]   ... 3311 drugs fetched (offset=3500/3475)
2026-06-24 00:03:26,385 [INFO] Fetched 3311 drugs with SMILES
2026-06-24 00:03:26,389 [INFO] After dedup: 3311
2026-06-24 00:03:28,503 [INFO] Drug-like filter passed: 2822/3311
2026-06-24 00:03:28,503 [INFO] Loading SMVT ML model...
2026-06-24 00:03:35,607 [INFO] ML scored: 2822 compounds
2026-06-24 00:03:35,607 [INFO] Predicted hits (ΔG < -6.5): 0
2026-06-24 00:03:35,846 [INFO] Selected 500 compounds (264 unique scaffolds)
2026-06-24 00:03:35,864 [INFO] Saved all scored → drugbank_candidates_scored.csv
2026-06-24 00:03:35,865 [INFO] Saved top 500 → drugbank_top500_for_docking.csv
2026-06-24 00:03:35,865 [INFO] 
TOP 20 PREDICTED SMVT BINDERS:
2026-06-24 00:03:35,865 [INFO]    1. BIOTIN                              | ΔG=-6.00 | p=0.78
2026-06-24 00:03:35,865 [INFO]    2. AZELAIC ACID                        | ΔG=-5.44 | p=0.35
2026-06-24 00:03:35,865 [INFO]    3. TYROSINE                            | ΔG=-5.41 | p=0.48
2026-06-24 00:03:35,866 [INFO]    4. AMINOCAPROIC ACID                   | ΔG=-5.41 | p=0.36
2026-06-24 00:03:35,866 [INFO]    5. TRYPTOPHAN                          | ΔG=-5.41 | p=0.62
2026-06-24 00:03:35,866 [INFO]    6. PHENYLBUTANOIC ACID                 | ΔG=-5.28 | p=0.39
2026-06-24 00:03:35,866 [INFO]    7. SOLRIAMFETOL                        | ΔG=-5.26 | p=0.45
2026-06-24 00:03:35,866 [INFO]    8. PHENACEMIDE                         | ΔG=-5.26 | p=0.37
2026-06-24 00:03:35,866 [INFO]    9. LEVODOPA                            | ΔG=-5.26 | p=0.43
2026-06-24 00:03:35,866 [INFO]   10. CYSTEINE HYDROCHLORIDE              | ΔG=-5.25 | p=0.34
2026-06-24 00:03:35,866 [INFO]   11. CYSTEINE                            | ΔG=-5.24 | p=0.34
2026-06-24 00:03:35,866 [INFO]   12. AMINOLEVULINIC ACID HYDROCHLORIDE   | ΔG=-5.17 | p=0.32
2026-06-24 00:03:35,866 [INFO]   13. DICLOFENAC                          | ΔG=-5.16 | p=0.53
2026-06-24 00:03:35,867 [INFO]   14. CLONIDINE                           | ΔG=-5.11 | p=0.35
2026-06-24 00:03:35,867 [INFO]   15. DICLOFENAC SODIUM                   | ΔG=-5.11 | p=0.46
2026-06-24 00:03:35,867 [INFO]   16. CLONIDINE HYDROCHLORIDE             | ΔG=-5.11 | p=0.35
2026-06-24 00:03:35,867 [INFO]   17. DEBRISOQUIN                         | ΔG=-5.09 | p=0.30
2026-06-24 00:03:35,867 [INFO]   18. MEFENAMIC ACID                      | ΔG=-5.08 | p=0.58
2026-06-24 00:03:35,867 [INFO]   19. MONOBENZONE                         | ΔG=-5.06 | p=0.35
2026-06-24 00:03:35,867 [INFO]   20. ARMODAFINIL                         | ΔG=-5.06 | p=0.39
2026-06-24 00:03:35,867 [INFO] 
Done. 0 predicted hits from 2822 screened. Ready for docking.
