2026-06-27 19:20:57,602 [INFO] Platform: OpenCL
2026-06-27 19:20:57,603 [INFO] Compounds: 6 | Total: 300ns
2026-06-27 19:20:57,603 [INFO] Estimated: 8 days (OpenCL)
2026-06-27 19:20:57,603 [INFO] 
[1/6] HYDROMORPHONE — Top 1 — Opioid
2026-06-27 19:20:57,603 [INFO] ============================================================
2026-06-27 19:20:57,603 [INFO] START: HYDROMORPHONE (50ns) on OpenCL
2026-06-27 19:20:57,603 [INFO] ============================================================
2026-06-27 19:20:59,465 [ERROR] FAILED: HYDROMORPHONE (exit code 1)
2026-06-27 19:20:59,466 [INFO] 
[2/6] FUROSEMIDE — Top 2 — Diuretic
2026-06-27 19:20:59,466 [INFO] ============================================================
2026-06-27 19:20:59,467 [INFO] START: FUROSEMIDE (50ns) on OpenCL
2026-06-27 19:20:59,467 [INFO] ============================================================
2026-06-27 19:21:00,261 [ERROR] FAILED: FUROSEMIDE (exit code 1)
2026-06-27 19:21:00,262 [INFO] 
[3/6] NAFTAZONE — Top 3 — Hemostatic
2026-06-27 19:21:00,262 [INFO] ============================================================
2026-06-27 19:21:00,262 [INFO] START: NAFTAZONE (50ns) on OpenCL
2026-06-27 19:21:00,262 [INFO] ============================================================
2026-06-27 19:21:01,027 [ERROR] FAILED: NAFTAZONE (exit code 1)
2026-06-27 19:21:01,028 [INFO] 
[4/6] BIOTIN — Reference — Natural substrate
2026-06-27 19:21:01,028 [INFO] ============================================================
2026-06-27 19:21:01,029 [INFO] START: BIOTIN (50ns) on OpenCL
2026-06-27 19:21:01,029 [INFO] ============================================================
2026-06-27 19:21:01,781 [ERROR] FAILED: BIOTIN (exit code 1)
2026-06-27 19:21:01,782 [INFO] 
[5/6] GABAPENTIN_ENACARBIL — Positive control — FDA SMVT drug
2026-06-27 19:21:01,782 [INFO] ============================================================
2026-06-27 19:21:01,783 [INFO] START: GABAPENTIN_ENACARBIL (50ns) on OpenCL
2026-06-27 19:21:01,783 [INFO] ============================================================
2026-06-27 19:21:02,567 [ERROR] FAILED: GABAPENTIN_ENACARBIL (exit code 1)
2026-06-27 19:21:02,568 [INFO] 
[6/6] RIBOFLAVIN — Negative control — Non-binding vitamin
2026-06-27 19:21:02,568 [INFO] ============================================================
2026-06-27 19:21:02,568 [INFO] START: RIBOFLAVIN (50ns) on OpenCL
2026-06-27 19:21:02,568 [INFO] ============================================================
2026-06-27 19:21:03,314 [ERROR] FAILED: RIBOFLAVIN (exit code 1)
2026-06-27 19:21:03,314 [INFO] 
============================================================
2026-06-27 19:21:03,315 [INFO] BATCH COMPLETE: 0.0h for 300ns
2026-06-27 19:21:03,315 [INFO] Average speed: 7879.9 ns/day
2026-06-27 19:21:03,315 [INFO] ============================================================
2026-06-27 19:21:39,638 [INFO] Platform: OpenCL
2026-06-27 19:21:39,638 [INFO] Compounds: 6 | Total: 300ns
2026-06-27 19:21:39,639 [INFO] Estimated: 8 days (OpenCL)
2026-06-27 19:21:39,639 [INFO] 
[1/6] HYDROMORPHONE — Top 1 — Opioid
2026-06-27 19:21:39,639 [INFO] ============================================================
2026-06-27 19:21:39,639 [INFO] START: HYDROMORPHONE (50ns) on OpenCL
2026-06-27 19:21:39,639 [INFO] ============================================================
2026-06-27 19:22:12,128 [ERROR] FAILED: HYDROMORPHONE (exit code 1)
2026-06-27 19:22:12,128 [INFO] 
[2/6] FUROSEMIDE — Top 2 — Diuretic
2026-06-27 19:22:12,128 [INFO] ============================================================
2026-06-27 19:22:12,129 [INFO] START: FUROSEMIDE (50ns) on OpenCL
2026-06-27 19:22:12,129 [INFO] ============================================================
2026-06-27 19:22:25,276 [ERROR] FAILED: FUROSEMIDE (exit code 1)
2026-06-27 19:22:25,276 [INFO] 
[3/6] NAFTAZONE — Top 3 — Hemostatic
2026-06-27 19:22:25,276 [INFO] ============================================================
2026-06-27 19:22:25,276 [INFO] START: NAFTAZONE (50ns) on OpenCL
2026-06-27 19:22:25,277 [INFO] ============================================================
2026-06-27 19:22:36,414 [ERROR] FAILED: NAFTAZONE (exit code 1)
2026-06-27 19:22:36,415 [INFO] 
[4/6] BIOTIN — Reference — Natural substrate
2026-06-27 19:22:36,415 [INFO] ============================================================
2026-06-27 19:22:36,415 [INFO] START: BIOTIN (50ns) on OpenCL
2026-06-27 19:22:36,415 [INFO] ============================================================
2026-06-27 19:22:48,007 [ERROR] FAILED: BIOTIN (exit code 1)
2026-06-27 19:22:48,008 [INFO] 
[5/6] GABAPENTIN_ENACARBIL — Positive control — FDA SMVT drug
2026-06-27 19:22:48,008 [INFO] ============================================================
2026-06-27 19:22:48,008 [INFO] START: GABAPENTIN_ENACARBIL (50ns) on OpenCL
2026-06-27 19:22:48,008 [INFO] ============================================================
2026-06-27 19:22:59,176 [ERROR] FAILED: GABAPENTIN_ENACARBIL (exit code 1)
2026-06-27 19:22:59,177 [INFO] 
[6/6] RIBOFLAVIN — Negative control — Non-binding vitamin
2026-06-27 19:22:59,177 [INFO] ============================================================
2026-06-27 19:22:59,177 [INFO] START: RIBOFLAVIN (50ns) on OpenCL
2026-06-27 19:22:59,177 [INFO] ============================================================
2026-06-27 19:23:10,197 [ERROR] FAILED: RIBOFLAVIN (exit code 1)
2026-06-27 19:23:10,198 [INFO] 
============================================================
2026-06-27 19:23:10,198 [INFO] BATCH COMPLETE: 0.0h for 300ns
2026-06-27 19:23:10,198 [INFO] Average speed: 496.9 ns/day
2026-06-27 19:23:10,198 [INFO] ============================================================
2026-06-27 19:24:21,541 [INFO] Platform: OpenCL
2026-06-27 19:24:21,542 [INFO] Compounds: 6 | Total: 300ns
2026-06-27 19:24:21,542 [INFO] Estimated: 8 days (OpenCL)
2026-06-27 19:24:21,542 [INFO] 
[1/6] HYDROMORPHONE — Top 1 — Opioid
2026-06-27 19:24:21,542 [INFO] ============================================================
2026-06-27 19:24:21,542 [INFO] START: HYDROMORPHONE (50ns) on OpenCL
2026-06-27 19:24:21,543 [INFO] ============================================================
2026-06-27 19:24:35,860 [INFO] DONE: HYDROMORPHONE in 0.0h (301749.2 ns/day)
2026-06-27 19:24:35,861 [INFO] 
[2/6] FUROSEMIDE — Top 2 — Diuretic
2026-06-27 19:24:35,861 [INFO] ============================================================
2026-06-27 19:24:35,861 [INFO] START: FUROSEMIDE (50ns) on OpenCL
2026-06-27 19:24:35,861 [INFO] ============================================================
2026-06-27 19:24:49,087 [INFO] DONE: FUROSEMIDE in 0.0h (326612.9 ns/day)
2026-06-27 19:24:49,088 [INFO] 
[3/6] NAFTAZONE — Top 3 — Hemostatic
2026-06-27 19:24:49,088 [INFO] ============================================================
2026-06-27 19:24:49,088 [INFO] START: NAFTAZONE (50ns) on OpenCL
2026-06-27 19:24:49,088 [INFO] ============================================================
2026-06-27 19:25:02,093 [INFO] DONE: NAFTAZONE in 0.0h (332186.2 ns/day)
2026-06-27 19:25:02,094 [INFO] 
[4/6] BIOTIN — Reference — Natural substrate
2026-06-27 19:25:02,094 [INFO] ============================================================
2026-06-27 19:25:02,095 [INFO] START: BIOTIN (50ns) on OpenCL
2026-06-27 19:25:02,095 [INFO] ============================================================
2026-06-27 19:25:14,112 [INFO] DONE: BIOTIN in 0.0h (359475.8 ns/day)
2026-06-27 19:25:14,114 [INFO] 
[5/6] GABAPENTIN_ENACARBIL — Positive control — FDA SMVT drug
2026-06-27 19:25:14,114 [INFO] ============================================================
2026-06-27 19:25:14,114 [INFO] START: GABAPENTIN_ENACARBIL (50ns) on OpenCL
2026-06-27 19:25:14,114 [INFO] ============================================================
2026-06-27 19:25:26,998 [INFO] Platform: OpenCL
2026-06-27 19:25:26,998 [INFO] Compounds: 6 | Total: 300ns
2026-06-27 19:25:26,998 [INFO] Estimated: 8 days (OpenCL)
2026-06-27 19:25:26,998 [INFO] 
[1/6] HYDROMORPHONE — Top 1 — Opioid
2026-06-27 19:25:26,998 [INFO] ============================================================
2026-06-27 19:25:26,998 [INFO] START: HYDROMORPHONE (50ns) on OpenCL
2026-06-27 19:25:26,999 [INFO] ============================================================
2026-06-27 20:17:07,915 [INFO] Platform: CUDA
2026-06-27 20:17:07,915 [INFO] Compounds: 6 | Total: 300ns
2026-06-27 20:17:07,915 [INFO] Estimated: 4 days (CUDA)
2026-06-27 20:17:07,916 [INFO] 
[1/6] HYDROMORPHONE — Top 1 — Opioid
2026-06-27 20:17:07,916 [INFO] ============================================================
2026-06-27 20:17:07,916 [INFO] START: HYDROMORPHONE (50ns) on CUDA
2026-06-27 20:17:07,916 [INFO] ============================================================
2026-06-27 20:17:09,103 [ERROR] FAILED: HYDROMORPHONE (exit code 1)
2026-06-27 20:17:09,104 [INFO] 
[2/6] FUROSEMIDE — Top 2 — Diuretic
2026-06-27 20:17:09,104 [INFO] ============================================================
2026-06-27 20:17:09,104 [INFO] START: FUROSEMIDE (50ns) on CUDA
2026-06-27 20:17:09,104 [INFO] ============================================================
2026-06-27 20:17:09,985 [ERROR] FAILED: FUROSEMIDE (exit code 1)
2026-06-27 20:17:09,985 [INFO] 
[3/6] NAFTAZONE — Top 3 — Hemostatic
2026-06-27 20:17:09,986 [INFO] ============================================================
2026-06-27 20:17:09,986 [INFO] START: NAFTAZONE (50ns) on CUDA
2026-06-27 20:17:09,986 [INFO] ============================================================
2026-06-27 20:17:10,839 [ERROR] FAILED: NAFTAZONE (exit code 1)
2026-06-27 20:17:10,840 [INFO] 
[4/6] BIOTIN — Reference — Natural substrate
2026-06-27 20:17:10,840 [INFO] ============================================================
2026-06-27 20:17:10,840 [INFO] START: BIOTIN (50ns) on CUDA
2026-06-27 20:17:10,840 [INFO] ============================================================
2026-06-27 20:17:11,590 [ERROR] FAILED: BIOTIN (exit code 1)
2026-06-27 20:17:11,591 [INFO] 
[5/6] GABAPENTIN_ENACARBIL — Positive control — FDA SMVT drug
2026-06-27 20:17:11,591 [INFO] ============================================================
2026-06-27 20:17:11,591 [INFO] START: GABAPENTIN_ENACARBIL (50ns) on CUDA
2026-06-27 20:17:11,591 [INFO] ============================================================
2026-06-27 20:17:12,537 [ERROR] FAILED: GABAPENTIN_ENACARBIL (exit code 1)
2026-06-27 20:17:12,538 [INFO] 
[6/6] RIBOFLAVIN — Negative control — Non-binding vitamin
2026-06-27 20:17:12,538 [INFO] ============================================================
2026-06-27 20:17:12,538 [INFO] START: RIBOFLAVIN (50ns) on CUDA
2026-06-27 20:17:12,539 [INFO] ============================================================
2026-06-27 20:17:13,340 [ERROR] FAILED: RIBOFLAVIN (exit code 1)
2026-06-27 20:17:13,341 [INFO] 
============================================================
2026-06-27 20:17:13,341 [INFO] BATCH COMPLETE: 0.0h for 300ns
2026-06-27 20:17:13,341 [INFO] Average speed: 8294.8 ns/day
2026-06-27 20:17:13,341 [INFO] ============================================================
2026-06-27 20:18:10,712 [INFO] Platform: CUDA
2026-06-27 20:18:10,712 [INFO] Compounds: 6 | Total: 300ns
2026-06-27 20:18:10,712 [INFO] Estimated: 4 days (CUDA)
2026-06-27 20:18:10,712 [INFO] 
[1/6] HYDROMORPHONE — Top 1 — Opioid
2026-06-27 20:18:10,712 [INFO] ============================================================
2026-06-27 20:18:10,713 [INFO] START: HYDROMORPHONE (50ns) on CUDA
2026-06-27 20:18:10,713 [INFO] ============================================================
2026-06-27 20:19:48,804 [INFO] Platform: CUDA
2026-06-27 20:19:48,805 [INFO] Compounds: 6 | Total: 300ns
2026-06-27 20:19:48,805 [INFO] Estimated: 4 days (CUDA)
2026-06-27 20:19:48,805 [INFO] 
[1/6] HYDROMORPHONE — Top 1 — Opioid
2026-06-27 20:19:48,805 [INFO] ============================================================
2026-06-27 20:19:48,805 [INFO] START: HYDROMORPHONE (50ns) on CUDA
2026-06-27 20:19:48,805 [INFO] ============================================================
2026-06-27 20:19:50,286 [INFO] DONE: HYDROMORPHONE in 0.0h (2918688.0 ns/day)
2026-06-27 20:19:50,286 [INFO] 
[2/6] FUROSEMIDE — Top 2 — Diuretic
2026-06-27 20:19:50,287 [INFO] ============================================================
2026-06-27 20:19:50,287 [INFO] START: FUROSEMIDE (50ns) on CUDA
2026-06-27 20:19:50,287 [INFO] ============================================================
2026-06-27 20:19:51,685 [INFO] DONE: FUROSEMIDE in 0.0h (3089715.6 ns/day)
2026-06-27 20:19:51,686 [INFO] 
[3/6] NAFTAZONE — Top 3 — Hemostatic
2026-06-27 20:19:51,686 [INFO] ============================================================
2026-06-27 20:19:51,686 [INFO] START: NAFTAZONE (50ns) on CUDA
2026-06-27 20:19:51,686 [INFO] ============================================================
2026-06-27 20:19:52,851 [INFO] DONE: NAFTAZONE in 0.0h (3707291.2 ns/day)
2026-06-27 20:19:52,852 [INFO] 
[4/6] BIOTIN — Reference — Natural substrate
2026-06-27 20:19:52,853 [INFO] ============================================================
2026-06-27 20:19:52,853 [INFO] START: BIOTIN (50ns) on CUDA
2026-06-27 20:19:52,853 [INFO] ============================================================
2026-06-27 20:19:54,395 [INFO] DONE: BIOTIN in 0.0h (2801094.6 ns/day)
2026-06-27 20:19:54,396 [INFO] 
[5/6] GABAPENTIN_ENACARBIL — Positive control — FDA SMVT drug
2026-06-27 20:19:54,396 [INFO] ============================================================
2026-06-27 20:19:54,396 [INFO] START: GABAPENTIN_ENACARBIL (50ns) on CUDA
2026-06-27 20:19:54,396 [INFO] ============================================================
2026-06-27 20:19:56,728 [INFO] DONE: GABAPENTIN_ENACARBIL in 0.0h (1852574.8 ns/day)
2026-06-27 20:19:56,729 [INFO] 
[6/6] RIBOFLAVIN — Negative control — Non-binding vitamin
2026-06-27 20:19:56,730 [INFO] ============================================================
2026-06-27 20:19:56,730 [INFO] START: RIBOFLAVIN (50ns) on CUDA
2026-06-27 20:19:56,730 [INFO] ============================================================
2026-06-27 20:19:58,497 [INFO] DONE: RIBOFLAVIN in 0.0h (2445502.8 ns/day)
2026-06-27 20:19:58,498 [INFO] 
============================================================
2026-06-27 20:19:58,498 [INFO] BATCH COMPLETE: 0.0h for 300ns
2026-06-27 20:19:58,498 [INFO] Average speed: 4642.9 ns/day
2026-06-27 20:19:58,499 [INFO] ============================================================
2026-06-27 20:21:21,126 [INFO] Platform: CUDA
2026-06-27 20:21:21,126 [INFO] Compounds: 6 | Total: 300ns
2026-06-27 20:21:21,126 [INFO] Estimated: 4 days (CUDA)
2026-06-27 20:21:21,126 [INFO] 
[1/6] HYDROMORPHONE — Top 1 — Opioid
2026-06-27 20:21:21,127 [INFO] ============================================================
2026-06-27 20:21:21,127 [INFO] START: HYDROMORPHONE (50ns) on CUDA
2026-06-27 20:21:21,127 [INFO] ============================================================
2026-06-27 20:21:22,613 [INFO] DONE: HYDROMORPHONE in 0.0h (2907498.4 ns/day)
2026-06-27 20:21:22,615 [INFO] 
[2/6] FUROSEMIDE — Top 2 — Diuretic
2026-06-27 20:21:22,615 [INFO] ============================================================
2026-06-27 20:21:22,615 [INFO] START: FUROSEMIDE (50ns) on CUDA
2026-06-27 20:21:22,615 [INFO] ============================================================
2026-06-27 20:21:23,919 [INFO] DONE: FUROSEMIDE in 0.0h (3310934.4 ns/day)
2026-06-27 20:21:23,920 [INFO] 
[3/6] NAFTAZONE — Top 3 — Hemostatic
2026-06-27 20:21:23,920 [INFO] ============================================================
2026-06-27 20:21:23,920 [INFO] START: NAFTAZONE (50ns) on CUDA
2026-06-27 20:21:23,920 [INFO] ============================================================
2026-06-27 20:21:25,605 [INFO] DONE: NAFTAZONE in 0.0h (2566044.0 ns/day)
2026-06-27 20:21:25,606 [INFO] 
[4/6] BIOTIN — Reference — Natural substrate
2026-06-27 20:21:25,607 [INFO] ============================================================
2026-06-27 20:21:25,607 [INFO] START: BIOTIN (50ns) on CUDA
2026-06-27 20:21:25,607 [INFO] ============================================================
2026-06-27 20:21:27,736 [INFO] DONE: BIOTIN in 0.0h (2029415.8 ns/day)
2026-06-27 20:21:27,737 [INFO] 
[5/6] GABAPENTIN_ENACARBIL — Positive control — FDA SMVT drug
2026-06-27 20:21:27,737 [INFO] ============================================================
2026-06-27 20:21:27,737 [INFO] START: GABAPENTIN_ENACARBIL (50ns) on CUDA
2026-06-27 20:21:27,737 [INFO] ============================================================
2026-06-27 20:21:29,779 [INFO] DONE: GABAPENTIN_ENACARBIL in 0.0h (2115252.3 ns/day)
2026-06-27 20:21:29,780 [INFO] 
[6/6] RIBOFLAVIN — Negative control — Non-binding vitamin
2026-06-27 20:21:29,780 [INFO] ============================================================
2026-06-27 20:21:29,780 [INFO] START: RIBOFLAVIN (50ns) on CUDA
2026-06-27 20:21:29,780 [INFO] ============================================================
2026-06-27 20:21:32,397 [INFO] DONE: RIBOFLAVIN in 0.0h (1651153.3 ns/day)
2026-06-27 20:21:32,400 [INFO] 
============================================================
2026-06-27 20:21:32,403 [INFO] BATCH COMPLETE: 0.0h for 300ns
2026-06-27 20:21:32,405 [INFO] Average speed: 3991.3 ns/day
2026-06-27 20:21:32,405 [INFO] ============================================================
2026-06-27 20:22:56,945 [INFO] Platform: CUDA
2026-06-27 20:22:56,945 [INFO] Compounds: 6 | Total: 300ns
2026-06-27 20:22:56,945 [INFO] Estimated: 4 days (CUDA)
2026-06-27 20:22:56,947 [INFO] 
[1/6] HYDROMORPHONE — Top 1 — Opioid
2026-06-27 20:22:56,947 [INFO] ============================================================
2026-06-27 20:22:56,947 [INFO] START: HYDROMORPHONE (50ns) on CUDA
2026-06-27 20:22:56,947 [INFO] ============================================================
2026-06-27 20:22:59,159 [INFO] DONE: HYDROMORPHONE in 0.0h (1952648.5 ns/day)
2026-06-27 20:22:59,161 [INFO] 
[2/6] FUROSEMIDE — Top 2 — Diuretic
2026-06-27 20:22:59,161 [INFO] ============================================================
2026-06-27 20:22:59,161 [INFO] START: FUROSEMIDE (50ns) on CUDA
2026-06-27 20:22:59,161 [INFO] ============================================================
2026-06-27 20:23:01,513 [INFO] DONE: FUROSEMIDE in 0.0h (1836944.0 ns/day)
2026-06-27 20:23:01,515 [INFO] 
[3/6] NAFTAZONE — Top 3 — Hemostatic
2026-06-27 20:23:01,515 [INFO] ============================================================
2026-06-27 20:23:01,516 [INFO] START: NAFTAZONE (50ns) on CUDA
2026-06-27 20:23:01,516 [INFO] ============================================================
2026-06-27 20:23:04,834 [INFO] DONE: NAFTAZONE in 0.0h (1301791.2 ns/day)
2026-06-27 20:23:04,836 [INFO] 
[4/6] BIOTIN — Reference — Natural substrate
2026-06-27 20:23:04,836 [INFO] ============================================================
2026-06-27 20:23:04,836 [INFO] START: BIOTIN (50ns) on CUDA
2026-06-27 20:23:04,836 [INFO] ============================================================
2026-06-27 20:23:07,727 [INFO] DONE: BIOTIN in 0.0h (1494520.1 ns/day)
2026-06-27 20:23:07,728 [INFO] 
[5/6] GABAPENTIN_ENACARBIL — Positive control — FDA SMVT drug
2026-06-27 20:23:07,728 [INFO] ============================================================
2026-06-27 20:23:07,728 [INFO] START: GABAPENTIN_ENACARBIL (50ns) on CUDA
2026-06-27 20:23:07,728 [INFO] ============================================================
2026-06-27 20:23:09,902 [INFO] DONE: GABAPENTIN_ENACARBIL in 0.0h (1987874.6 ns/day)
2026-06-27 20:23:09,903 [INFO] 
[6/6] RIBOFLAVIN — Negative control — Non-binding vitamin
2026-06-27 20:23:09,903 [INFO] ============================================================
2026-06-27 20:23:09,903 [INFO] START: RIBOFLAVIN (50ns) on CUDA
2026-06-27 20:23:09,903 [INFO] ============================================================
2026-06-27 20:23:11,856 [INFO] DONE: RIBOFLAVIN in 0.0h (2212386.6 ns/day)
2026-06-27 20:23:11,858 [INFO] 
============================================================
2026-06-27 20:23:11,858 [INFO] BATCH COMPLETE: 0.0h for 300ns
2026-06-27 20:23:11,858 [INFO] Average speed: 3017.9 ns/day
2026-06-27 20:23:11,858 [INFO] ============================================================
2026-06-27 20:25:00,141 [INFO] Platform: OpenCL
2026-06-27 20:25:00,141 [INFO] Compounds: 6 | Total: 300ns
2026-06-27 20:25:00,141 [INFO] Estimated: 8 days (OpenCL)
2026-06-27 20:25:00,141 [INFO] 
[1/6] HYDROMORPHONE — Top 1 — Opioid
2026-06-27 20:25:00,141 [INFO] ============================================================
2026-06-27 20:25:00,142 [INFO] START: HYDROMORPHONE (50ns) on OpenCL
2026-06-27 20:25:00,142 [INFO] ============================================================
2026-06-27 20:25:02,430 [INFO] DONE: HYDROMORPHONE in 0.0h (1889329.3 ns/day)
2026-06-27 20:25:02,431 [INFO] 
[2/6] FUROSEMIDE — Top 2 — Diuretic
2026-06-27 20:25:02,431 [INFO] ============================================================
2026-06-27 20:25:02,431 [INFO] START: FUROSEMIDE (50ns) on OpenCL
2026-06-27 20:25:02,432 [INFO] ============================================================
2026-06-27 20:25:05,041 [INFO] DONE: FUROSEMIDE in 0.0h (1655273.9 ns/day)
2026-06-27 20:25:05,042 [INFO] 
[3/6] NAFTAZONE — Top 3 — Hemostatic
2026-06-27 20:25:05,042 [INFO] ============================================================
2026-06-27 20:25:05,042 [INFO] START: NAFTAZONE (50ns) on OpenCL
2026-06-27 20:25:05,042 [INFO] ============================================================
2026-06-27 20:25:07,511 [INFO] DONE: NAFTAZONE in 0.0h (1749854.2 ns/day)
2026-06-27 20:25:07,513 [INFO] 
[4/6] BIOTIN — Reference — Natural substrate
2026-06-27 20:25:07,513 [INFO] ============================================================
2026-06-27 20:25:07,513 [INFO] START: BIOTIN (50ns) on OpenCL
2026-06-27 20:25:07,513 [INFO] ============================================================
2026-06-27 20:25:09,646 [INFO] DONE: BIOTIN in 0.0h (2025812.9 ns/day)
2026-06-27 20:25:09,647 [INFO] 
[5/6] GABAPENTIN_ENACARBIL — Positive control — FDA SMVT drug
2026-06-27 20:25:09,647 [INFO] ============================================================
2026-06-27 20:25:09,648 [INFO] START: GABAPENTIN_ENACARBIL (50ns) on OpenCL
2026-06-27 20:25:09,648 [INFO] ============================================================
2026-06-27 20:25:12,714 [INFO] DONE: GABAPENTIN_ENACARBIL in 0.0h (1408897.0 ns/day)
2026-06-27 20:25:12,716 [INFO] 
[6/6] RIBOFLAVIN — Negative control — Non-binding vitamin
2026-06-27 20:25:12,716 [INFO] ============================================================
2026-06-27 20:25:12,716 [INFO] START: RIBOFLAVIN (50ns) on OpenCL
2026-06-27 20:25:12,716 [INFO] ============================================================
2026-06-27 20:25:15,129 [INFO] DONE: RIBOFLAVIN in 0.0h (1791605.7 ns/day)
2026-06-27 20:25:15,130 [INFO] 
============================================================
2026-06-27 20:25:15,130 [INFO] BATCH COMPLETE: 0.0h for 300ns
2026-06-27 20:25:15,131 [INFO] Average speed: 3002.3 ns/day
2026-06-27 20:25:15,131 [INFO] ============================================================
