2026-06-26 21:17:10,642 [INFO] Loaded 124 candidates
2026-06-26 21:17:10,644 [INFO] Pending: 124 | Done: 0 | Failed: 0
2026-06-26 21:17:10,644 [INFO] Starting batch docking with 18 workers (exhaustiveness=16)
2026-06-26 21:17:12,559 [WARNING]   FAILED: TAVABOROLE (vina_error: 

PDBQT parsing error: Atom type B is not a valid AutoDock type (atom types are case-sensitive).
 > )
2026-06-26 21:17:12,560 [INFO]   [1/124] TAVABOROLE: N/A | 31.4 cpd/min | ETA 4 min
2026-06-26 21:17:32,777 [INFO]   [2/124] PRALIDOXIME: -5.971 | 5.4 cpd/min | ETA 22 min
2026-06-26 21:17:34,648 [INFO]   [3/124] TOLAZOLINE: -6.126 | 7.5 cpd/min | ETA 16 min
2026-06-26 21:17:40,240 [WARNING]   FAILED: VABORBACTAM (vina_error: 

PDBQT parsing error: Atom type B is not a valid AutoDock type (atom types are case-sensitive).
 > )
2026-06-26 21:17:40,972 [INFO]   [10/124] CLONIDINE: -5.569 | 19.8 cpd/min | ETA 6 min
2026-06-26 21:18:37,977 [WARNING]   FAILED: RASAGILINE MESYLATE (timeout: )
2026-06-26 21:18:38,651 [WARNING]   FAILED: DEXKETOPROFEN (timeout: )
2026-06-26 21:18:53,934 [INFO]   [20/124] AMINOLEVULINIC ACID: -5.355 | 11.6 cpd/min | ETA 9 min
2026-06-26 21:19:21,990 [WARNING]   FAILED: AMIFOSTINE (timeout: )
2026-06-26 21:19:31,632 [WARNING]   FAILED: PINACIDIL ANHYDROUS (timeout: )
2026-06-26 21:19:32,659 [WARNING]   FAILED: STIRIPENTOL (timeout: )
2026-06-26 21:19:33,256 [WARNING]   FAILED: ORNIDAZOLE (timeout: )
2026-06-26 21:19:41,552 [WARNING]   FAILED: PINACIDIL (timeout: )
2026-06-26 21:19:54,249 [INFO]   [30/124] PILOCARPINE: -6.569 | 11.0 cpd/min | ETA 9 min
2026-06-26 21:19:55,548 [WARNING]   FAILED: CYCLOPHOSPHAMIDE (timeout: )
2026-06-26 21:20:10,383 [WARNING]   FAILED: PARALDEHYDE (timeout: )
2026-06-26 21:20:23,035 [WARNING]   FAILED: ISAXONINE PHOSPHATE (timeout: )
2026-06-26 21:20:35,011 [WARNING]   FAILED: PHENYTOIN (timeout: )
2026-06-26 21:20:43,607 [WARNING]   FAILED: SUPROFEN (timeout: )
2026-06-26 21:20:48,047 [WARNING]   FAILED: ARBUTAMINE (timeout: )
2026-06-26 21:20:54,648 [INFO]   [40/124] METHYLPHENIDATE: -6.298 | 10.7 cpd/min | ETA 8 min
2026-06-26 21:20:55,539 [WARNING]   FAILED: ZOLEDRONIC ACID (timeout: )
2026-06-26 21:21:11,813 [WARNING]   FAILED: CARBAMAZEPINE (timeout: )
2026-06-26 21:21:13,908 [INFO]   [50/124] BENZPHETAMINE: -6.321 | 12.3 cpd/min | ETA 6 min
2026-06-26 21:21:50,912 [WARNING]   FAILED: MASOPROCOL (timeout: )
2026-06-26 21:21:54,089 [INFO]   [60/124] ROPINIROLE: -6.311 | 12.7 cpd/min | ETA 5 min
2026-06-26 21:21:57,423 [WARNING]   FAILED: DIENESTROL (timeout: )
2026-06-26 21:21:59,624 [WARNING]   FAILED: PENBUTOLOL (timeout: )
2026-06-26 21:22:02,907 [WARNING]   FAILED: PHENIRAMINE (timeout: )
2026-06-26 21:22:08,983 [WARNING]   FAILED: PIFOXIME (timeout: )
2026-06-26 21:22:14,430 [INFO]   [70/124] PITOLISANT: -4.987 | 13.8 cpd/min | ETA 4 min
2026-06-26 21:22:38,288 [WARNING]   FAILED: GUANETHIDINE MONOSULFATE (timeout: )
2026-06-26 21:23:18,770 [WARNING]   FAILED: HEXOBARBITAL (timeout: )
2026-06-26 21:23:29,202 [WARNING]   FAILED: ANAGRELIDE (timeout: )
2026-06-26 21:23:30,211 [WARNING]   FAILED: THEOPHYLLINE GLYCINATE (timeout: )
2026-06-26 21:23:30,212 [INFO]   [80/124] THEOPHYLLINE GLYCINATE: N/A | 12.6 cpd/min | ETA 3 min
2026-06-26 21:23:37,098 [WARNING]   FAILED: MOCLOBEMIDE (timeout: )
2026-06-26 21:23:38,531 [WARNING]   FAILED: CRISABOROLE (timeout: )
2026-06-26 21:23:50,105 [WARNING]   FAILED: TIMOLOL (timeout: )
2026-06-26 21:24:31,510 [WARNING]   FAILED: ANAGRELIDE (timeout: )
2026-06-26 21:24:33,763 [WARNING]   FAILED: ARBUTAMINE (timeout: )
2026-06-26 21:24:33,764 [INFO]   [90/124] ARBUTAMINE: N/A | 12.2 cpd/min | ETA 3 min
2026-06-26 21:24:36,427 [WARNING]   FAILED: PROPYLIODONE (timeout: )
2026-06-26 21:24:42,848 [WARNING]   FAILED: PROPOXYPHENE (timeout: )
2026-06-26 21:24:45,122 [WARNING]   FAILED: LEVOPROPOXYPHENE (timeout: )
2026-06-26 21:24:51,765 [WARNING]   FAILED: VARENICLINE (timeout: )
2026-06-26 21:25:24,114 [WARNING]   FAILED: CLOBAZAM (timeout: )
2026-06-26 21:25:35,097 [WARNING]   FAILED: ISOSORBIDE DINITRATE (timeout: )
2026-06-26 21:25:43,918 [WARNING]   FAILED: PARAMETHADIONE (timeout: )
2026-06-26 21:25:46,191 [WARNING]   FAILED: THIOTEPA (timeout: )
2026-06-26 21:25:46,192 [INFO]   [100/124] THIOTEPA: N/A | 11.6 cpd/min | ETA 2 min
2026-06-26 21:25:53,424 [WARNING]   FAILED: DIBROMSALAN (timeout: )
2026-06-26 21:26:01,410 [WARNING]   FAILED: PROMETHAZINE (timeout: )
2026-06-26 21:26:02,548 [WARNING]   FAILED: TRAMADOL (timeout: )
2026-06-26 21:26:25,432 [WARNING]   FAILED: LEFLUNOMIDE (timeout: )
2026-06-26 21:26:47,092 [WARNING]   FAILED: TRIMETHADIONE (timeout: )
2026-06-26 21:26:55,796 [WARNING]   FAILED: SULFAMETHOXYPYRIDAZINE (timeout: )
2026-06-26 21:27:03,680 [WARNING]   FAILED: NICLOSAMIDE (timeout: )
2026-06-26 21:27:07,525 [WARNING]   FAILED: METHYLHOMATROPINE (timeout: )
2026-06-26 21:27:07,526 [INFO]   [110/124] METHYLHOMATROPINE: N/A | 11.1 cpd/min | ETA 1 min
2026-06-26 21:27:14,599 [WARNING]   FAILED: CARTEOLOL (timeout: )
2026-06-26 21:27:28,212 [WARNING]   FAILED: SORIVUDINE (timeout: )
2026-06-26 21:27:36,088 [WARNING]   FAILED: NADOLOL (timeout: )
2026-06-26 21:27:40,149 [WARNING]   FAILED: ACORAMIDIS (timeout: )
2026-06-26 21:27:48,785 [WARNING]   FAILED: RANELIC ACID (timeout: )
2026-06-26 21:27:56,144 [WARNING]   FAILED: MINODRONIC ACID (timeout: )
2026-06-26 21:28:06,783 [INFO]   [120/124] NEFOPAM: -4.987 | 11.0 cpd/min | ETA 0 min
2026-06-26 21:28:36,578 [INFO] 
============================================================
DOCKING COMPLETE
============================================================
2026-06-26 21:28:36,579 [INFO]   Successful: 71 | Failed: 53 | Time: 11.4 min
2026-06-26 21:28:36,580 [INFO]   Best ΔG: -7.60 | Mean: -5.46
2026-06-26 21:28:36,580 [INFO]   Hits (<-7.0): 6 | (<-6.5): 15
2026-06-26 21:28:36,591 [INFO]   Results → 03_Analysis/outputs/docking_round5_results.csv
2026-06-26 21:28:36,592 [INFO] 
TOP 20:
2026-06-26 21:28:36,593 [INFO]    1. ESKETAMINE                          | -7.60 kcal/mol
2026-06-26 21:28:36,593 [INFO]    2. RAMELTEON                           | -7.54 kcal/mol
2026-06-26 21:28:36,594 [INFO]    3. TETRAHYDROZOLINE                    | -7.47 kcal/mol
2026-06-26 21:28:36,595 [INFO]    4. HYDRALAZINE                         | -7.31 kcal/mol
2026-06-26 21:28:36,595 [INFO]    5. DEXRAZOXANE                         | -7.08 kcal/mol
2026-06-26 21:28:36,596 [INFO]    6. TIPIRACIL                           | -7.06 kcal/mol
2026-06-26 21:28:36,597 [INFO]    7. PHENMETRAZINE                       | -6.98 kcal/mol
2026-06-26 21:28:36,597 [INFO]    8. LOFEXIDINE                          | -6.78 kcal/mol
2026-06-26 21:28:36,598 [INFO]    9. KETAMINE                            | -6.72 kcal/mol
2026-06-26 21:28:36,598 [INFO]   10. ETHINAMATE                          | -6.69 kcal/mol
2026-06-26 21:28:36,599 [INFO]   11. PILOCARPINE                         | -6.57 kcal/mol
2026-06-26 21:28:36,600 [INFO]   12. NAPHAZOLINE                         | -6.56 kcal/mol
2026-06-26 21:28:36,600 [INFO]   13. DEXMEDETOMIDINE                     | -6.55 kcal/mol
2026-06-26 21:28:36,601 [INFO]   14. MILNACIPRAN                         | -6.53 kcal/mol
2026-06-26 21:28:36,601 [INFO]   15. PRAMIPEXOLE                         | -6.52 kcal/mol
2026-06-26 21:28:36,602 [INFO]   16. TRANYLCYPROMINE                     | -6.39 kcal/mol
2026-06-26 21:28:36,602 [INFO]   17. DEXMETHYLPHENIDATE                  | -6.36 kcal/mol
2026-06-26 21:28:36,603 [INFO]   18. HEXYLCAINE                          | -6.34 kcal/mol
2026-06-26 21:28:36,604 [INFO]   19. BENZPHETAMINE                       | -6.32 kcal/mol
2026-06-26 21:28:36,604 [INFO]   20. ROPINIROLE                          | -6.31 kcal/mol
2026-06-26 21:28:36,605 [INFO] 
Done.
