\BOOKMARK [1][]{section.1}{\376\377\000I\000n\000t\000r\000o\000d\000u\000c\000t\000i\000o\000n}{}% 1
\BOOKMARK [1][]{section.2}{\376\377\000R\000e\000s\000u\000l\000t\000s}{}% 2
\BOOKMARK [2][]{subsection.2.1}{\376\377\000S\000L\000C\0005\000A\0006\000\040\000I\000s\000\040\000C\000o\000n\000s\000i\000s\000t\000e\000n\000t\000l\000y\000\040\000U\000p\000r\000e\000g\000u\000l\000a\000t\000e\000d\000\040\000A\000c\000r\000o\000s\000s\000\040\000M\000u\000l\000t\000i\000p\000l\000e\000\040\000C\000a\000n\000c\000e\000r\000\040\000T\000y\000p\000e\000s}{section.2}% 3
\BOOKMARK [2][]{subsection.2.2}{\376\377\000H\000i\000g\000h\000\040\000S\000L\000C\0005\000A\0006\000\040\000E\000x\000p\000r\000e\000s\000s\000i\000o\000n\000\040\000C\000o\000n\000f\000e\000r\000s\000\040\000W\000o\000r\000s\000e\000\040\000O\000v\000e\000r\000a\000l\000l\000\040\000S\000u\000r\000v\000i\000v\000a\000l}{section.2}% 4
\BOOKMARK [2][]{subsection.2.3}{\376\377\000S\000L\000C\0005\000A\0006\000\040\000I\000s\000\040\000N\000o\000t\000\040\000a\000\040\000M\000u\000t\000a\000t\000i\000o\000n\000-\000D\000r\000i\000v\000e\000n\000\040\000C\000a\000n\000c\000e\000r\000\040\000G\000e\000n\000e}{section.2}% 5
\BOOKMARK [2][]{subsection.2.4}{\376\377\000P\000D\000Z\000D\0001\0001\000\040\000I\000s\000\040\000t\000h\000e\000\040\000C\000e\000n\000t\000r\000a\000l\000\040\000N\000o\000d\000e\000\040\000i\000n\000\040\000t\000h\000e\000\040\000S\000L\000C\0005\000A\0006\000\040\000I\000n\000t\000e\000r\000a\000c\000t\000i\000o\000n\000\040\000N\000e\000t\000w\000o\000r\000k}{section.2}% 6
\BOOKMARK [2][]{subsection.2.5}{\376\377\000V\000i\000r\000t\000u\000a\000l\000\040\000K\000n\000o\000c\000k\000o\000u\000t\000\040\000A\000n\000a\000l\000y\000s\000i\000s\000\040\000C\000o\000n\000f\000i\000r\000m\000s\000\040\000M\000e\000t\000a\000b\000o\000l\000i\000c\000\040\000D\000e\000p\000e\000n\000d\000e\000n\000c\000y}{section.2}% 7
\BOOKMARK [2][]{subsection.2.6}{\376\377\000P\000a\000t\000h\000w\000a\000y\000\040\000E\000n\000r\000i\000c\000h\000m\000e\000n\000t\000\040\000C\000o\000n\000f\000i\000r\000m\000s\000\040\000M\000e\000t\000a\000b\000o\000l\000i\000c\000\040\000T\000r\000a\000n\000s\000p\000o\000r\000t\000e\000r\000\040\000F\000u\000n\000c\000t\000i\000o\000n}{section.2}% 8
\BOOKMARK [2][]{subsection.2.7}{\376\377\000V\000i\000r\000t\000u\000a\000l\000\040\000S\000c\000r\000e\000e\000n\000i\000n\000g\000\040\000D\000i\000s\000c\000o\000v\000e\000r\000s\000\040\000B\000a\000r\000b\000i\000t\000u\000r\000a\000t\000e\000s\000\040\000a\000s\000\040\000N\000o\000v\000e\000l\000\040\000H\000i\000g\000h\000-\000A\000f\000f\000i\000n\000i\000t\000y\000\040\000S\000M\000V\000T\000\040\000L\000i\000g\000a\000n\000d\000s}{section.2}% 9
\BOOKMARK [2][]{subsection.2.8}{\376\377\000M\000o\000l\000e\000c\000u\000l\000a\000r\000\040\000D\000y\000n\000a\000m\000i\000c\000s\000\040\000V\000a\000l\000i\000d\000a\000t\000i\000o\000n\000\040\000o\000f\000\040\000T\000o\000p\000\040\000S\000M\000V\000T\000\040\000L\000i\000g\000a\000n\000d\000s}{section.2}% 10
\BOOKMARK [2][]{subsection.2.9}{\376\377\000I\000n\000t\000e\000g\000r\000a\000t\000i\000o\000n\000:\000\040\000E\000x\000p\000r\000e\000s\000s\000i\000o\000n\000-\000D\000r\000i\000v\000e\000n\000\040\000M\000e\000t\000a\000b\000o\000l\000i\000c\000\040\000V\000u\000l\000n\000e\000r\000a\000b\000i\000l\000i\000t\000y}{section.2}% 11
\BOOKMARK [1][]{section.3}{\376\377\000D\000i\000s\000c\000u\000s\000s\000i\000o\000n}{}% 12
\BOOKMARK [1][]{section.4}{\376\377\000M\000e\000t\000h\000o\000d\000s}{}% 13
\BOOKMARK [2][]{subsection.4.1}{\376\377\000T\000C\000G\000A\000\040\000E\000x\000p\000r\000e\000s\000s\000i\000o\000n\000\040\000A\000n\000a\000l\000y\000s\000i\000s}{section.4}% 14
\BOOKMARK [2][]{subsection.4.2}{\376\377\000S\000u\000r\000v\000i\000v\000a\000l\000\040\000A\000n\000a\000l\000y\000s\000i\000s}{section.4}% 15
\BOOKMARK [2][]{subsection.4.3}{\376\377\000M\000u\000t\000a\000t\000i\000o\000n\000\040\000A\000n\000a\000l\000y\000s\000i\000s}{section.4}% 16
\BOOKMARK [2][]{subsection.4.4}{\376\377\000P\000r\000o\000t\000e\000i\000n\040\023\000P\000r\000o\000t\000e\000i\000n\000\040\000I\000n\000t\000e\000r\000a\000c\000t\000i\000o\000n\000\040\000N\000e\000t\000w\000o\000r\000k}{section.4}% 17
\BOOKMARK [2][]{subsection.4.5}{\376\377\000P\000a\000t\000h\000w\000a\000y\000\040\000E\000n\000r\000i\000c\000h\000m\000e\000n\000t}{section.4}% 18
\BOOKMARK [2][]{subsection.4.6}{\376\377\000V\000i\000r\000t\000u\000a\000l\000\040\000K\000n\000o\000c\000k\000o\000u\000t\000\040\000A\000n\000a\000l\000y\000s\000i\000s}{section.4}% 19
\BOOKMARK [2][]{subsection.4.7}{\376\377\000V\000i\000r\000t\000u\000a\000l\000\040\000S\000c\000r\000e\000e\000n\000i\000n\000g}{section.4}% 20
\BOOKMARK [2][]{subsection.4.8}{\376\377\000M\000o\000l\000e\000c\000u\000l\000a\000r\000\040\000D\000y\000n\000a\000m\000i\000c\000s\000\040\000S\000i\000m\000u\000l\000a\000t\000i\000o\000n\000s}{section.4}% 21
\BOOKMARK [2][]{subsection.4.9}{\376\377\000M\000M\000-\000G\000B\000S\000A\000\040\000B\000i\000n\000d\000i\000n\000g\000\040\000F\000r\000e\000e\000\040\000E\000n\000e\000r\000g\000y\000\040\000C\000a\000l\000c\000u\000l\000a\000t\000i\000o\000n\000s}{section.4}% 22
\BOOKMARK [2][]{subsection.4.10}{\376\377\000D\000a\000t\000a\000\040\000A\000v\000a\000i\000l\000a\000b\000i\000l\000i\000t\000y}{section.4}% 23
\BOOKMARK [2][]{subsection.4.11}{\376\377\000C\000o\000d\000e\000\040\000A\000v\000a\000i\000l\000a\000b\000i\000l\000i\000t\000y}{section.4}% 24
\BOOKMARK [3][]{section*.6}{\376\377\000S\000u\000p\000p\000l\000e\000m\000e\000n\000t\000a\000r\000y\000\040\000i\000n\000f\000o\000r\000m\000a\000t\000i\000o\000n}{subsection.4.11}% 25
\BOOKMARK [4][]{section*.7}{\376\377\000A\000c\000k\000n\000o\000w\000l\000e\000d\000g\000e\000m\000e\000n\000t\000s}{section*.6}% 26
