Loading required package: SeuratObject
Loading required package: sp

Attaching package: 'SeuratObject'

The following objects are masked from 'package:base':

    intersect, t


Attaching package: 'data.table'

The following object is masked from 'package:base':

    %notin%


clusterProfiler v4.20.0 Learn more at https://yulab-smu.top/contribution-knowledge-mining/

Please cite:

S Xu, E Hu, Y Cai, Z Xie, X Luo, L Zhan, W Tang, Q Wang, B Liu, R Wang,
W Xie, T Wu, L Xie, G Yu. Using clusterProfiler to characterize
multiomics data. Nature Protocols. 2024, 19(11):3292-3320

Attaching package: 'clusterProfiler'

The following object is masked from 'package:stats':

    filter

Loading required package: AnnotationDbi
Loading required package: stats4
Loading required package: BiocGenerics
Loading required package: generics

Attaching package: 'generics'

The following objects are masked from 'package:base':

    as.difftime, as.factor, as.ordered, intersect, is.element, setdiff,
    setequal, union


Attaching package: 'BiocGenerics'

The following objects are masked from 'package:stats':

    IQR, mad, sd, var, xtabs

The following objects are masked from 'package:base':

    anyDuplicated, aperm, append, as.data.frame, basename, cbind,
    colnames, dirname, do.call, duplicated, eval, evalq, Filter, Find,
    get, grep, grepl, is.unsorted, lapply, Map, mapply, match, mget,
    order, paste, pmax, pmax.int, pmin, pmin.int, Position, rank,
    rbind, Reduce, rownames, sapply, saveRDS, table, tapply, unique,
    unsplit, which.max, which.min

Loading required package: Biobase
Welcome to Bioconductor

    Vignettes contain introductory material; view with
    'browseVignettes()'. To cite Bioconductor, see
    'citation("Biobase")', and for packages 'citation("pkgname")'.

Loading required package: IRanges
Loading required package: S4Vectors

Attaching package: 'S4Vectors'

The following object is masked from 'package:clusterProfiler':

    rename

The following objects are masked from 'package:data.table':

    first, second

The following object is masked from 'package:utils':

    findMatches

The following objects are masked from 'package:base':

    expand.grid, I, unname


Attaching package: 'IRanges'

The following object is masked from 'package:clusterProfiler':

    slice

The following object is masked from 'package:data.table':

    shift

The following object is masked from 'package:sp':

    %over%

The following object is masked from 'package:grDevices':

    windows


Attaching package: 'AnnotationDbi'

The following object is masked from 'package:clusterProfiler':

    select


=== scTenifoldKnk SMVT Virtual KO -- GSE178341 ===
(1/4) Loading pre-saved count matrix (RDS) and subsetting...
  Full matrix: 28110 genes x 30000 cells
  Subsampled cells: 10000
  Genes expressed >=3 cells: 25504
  Final matrix: 2000 genes x 10000 cells
(2/4) Running scTenifoldKnk virtual KO of SLC5A6...

── scTenifoldKnk ───────────────────────────────────────────────────────────────
ℹ Simulating SLC5A6 gene knockout
✔ Count matrix quality control applied: retained 2000 genes and 1165 cells
